[debug] [2025-01-24T07:11:06.729Z] ----------------------------------------------------------------------
[debug] [2025-01-24T07:11:06.730Z] Command:       /Users/tuannguyen/.nvm/versions/node/v16.17.0/bin/node /opt/homebrew/bin/firebase deploy --project beta-sa-auth
[debug] [2025-01-24T07:11:06.730Z] CLI Version:   9.23.1
[debug] [2025-01-24T07:11:06.730Z] Platform:      darwin
[debug] [2025-01-24T07:11:06.731Z] Node Version:  v16.17.0
[debug] [2025-01-24T07:11:06.733Z] Time:          Fri Jan 24 2025 14:11:06 GMT+0700 (Indochina Time)
[debug] [2025-01-24T07:11:06.733Z] ----------------------------------------------------------------------
[debug] 
[debug] [2025-01-24T07:11:06.758Z] > command requires scopes: ["email","openid","https://www.googleapis.com/auth/cloudplatformprojects.readonly","https://www.googleapis.com/auth/firebase","https://www.googleapis.com/auth/cloud-platform"]
[debug] [2025-01-24T07:11:06.758Z] > authorizing via signed-in user (tuannguyenhoangit@gmail.com)
[debug] [2025-01-24T07:11:06.758Z] [iam] checking project beta-sa-auth for permissions ["firebase.projects.get","firebasehosting.sites.update"]
[debug] [2025-01-24T07:11:06.759Z] > refreshing access token with scopes: ["email","https://www.googleapis.com/auth/cloud-platform","https://www.googleapis.com/auth/cloudplatformprojects.readonly","https://www.googleapis.com/auth/firebase","openid"]
[debug] [2025-01-24T07:11:06.759Z] >>> HTTP REQUEST POST https://www.googleapis.com/oauth2/v3/token  
 <request body omitted>
[debug] [2025-01-24T07:11:07.097Z] <<< HTTP RESPONSE 200 {"pragma":"no-cache","cache-control":"no-cache, no-store, max-age=0, must-revalidate","expires":"Mon, 01 Jan 1990 00:00:00 GMT","date":"Fri, 24 Jan 2025 07:11:07 GMT","content-type":"application/json; charset=utf-8","vary":"X-Origin, Referer, Origin,Accept-Encoding","server":"scaffolding on HTTPServer2","x-xss-protection":"0","x-frame-options":"SAMEORIGIN","x-content-type-options":"nosniff","alt-svc":"h3=\":443\"; ma=2592000,h3-29=\":443\"; ma=2592000","accept-ranges":"none","transfer-encoding":"chunked"}
[debug] [2025-01-24T07:11:07.144Z] >>> HTTP REQUEST POST https://cloudresourcemanager.googleapis.com/v1/projects/beta-sa-auth:testIamPermissions  
 {"permissions":["firebase.projects.get","firebasehosting.sites.update"]}
[debug] [2025-01-24T07:11:08.487Z] <<< HTTP RESPONSE 200 {"content-type":"application/json; charset=UTF-8","vary":"X-Origin, Referer, Origin,Accept-Encoding","date":"Fri, 24 Jan 2025 07:11:08 GMT","server":"ESF","x-xss-protection":"0","x-frame-options":"SAMEORIGIN","x-content-type-options":"nosniff","server-timing":"gfet4t7; dur=965","alt-svc":"h3=\":443\"; ma=2592000,h3-29=\":443\"; ma=2592000","accept-ranges":"none","transfer-encoding":"chunked"}
[debug] [2025-01-24T07:11:08.490Z] > refreshing access token with scopes: []
[debug] [2025-01-24T07:11:08.490Z] >>> HTTP REQUEST POST https://www.googleapis.com/oauth2/v3/token  
 <request body omitted>
[debug] [2025-01-24T07:11:08.758Z] <<< HTTP RESPONSE 200 {"expires":"Mon, 01 Jan 1990 00:00:00 GMT","date":"Fri, 24 Jan 2025 07:11:08 GMT","cache-control":"no-cache, no-store, max-age=0, must-revalidate","pragma":"no-cache","content-type":"application/json; charset=utf-8","vary":"X-Origin, Referer, Origin,Accept-Encoding","server":"scaffolding on HTTPServer2","x-xss-protection":"0","x-frame-options":"SAMEORIGIN","x-content-type-options":"nosniff","alt-svc":"h3=\":443\"; ma=2592000,h3-29=\":443\"; ma=2592000","accept-ranges":"none","transfer-encoding":"chunked"}
[debug] [2025-01-24T07:11:08.788Z] >>> [apiv2][query] GET https://firebase.googleapis.com/v1beta1/projects/beta-sa-auth [none]
[debug] [2025-01-24T07:11:09.380Z] <<< [apiv2][status] GET https://firebase.googleapis.com/v1beta1/projects/beta-sa-auth 200
[debug] [2025-01-24T07:11:09.381Z] <<< [apiv2][body] GET https://firebase.googleapis.com/v1beta1/projects/beta-sa-auth {"projectId":"beta-sa-auth","projectNumber":"677461726030","displayName":"Beta SA","name":"projects/beta-sa-auth","resources":{"hostingSite":"beta-sa-auth"},"state":"ACTIVE","etag":"1_984d033e-7c8d-4cc8-b66c-ee1973d0864b"}
[info] 
[info] === Deploying to 'beta-sa-auth'...
[info] 
[info] i  deploying hosting 
[debug] [2025-01-24T07:11:09.384Z] > refreshing access token with scopes: ["email","https://www.googleapis.com/auth/cloud-platform","https://www.googleapis.com/auth/cloudplatformprojects.readonly","https://www.googleapis.com/auth/firebase","openid"]
[debug] [2025-01-24T07:11:09.385Z] >>> HTTP REQUEST POST https://www.googleapis.com/oauth2/v3/token  
 <request body omitted>
[debug] [2025-01-24T07:11:09.655Z] <<< HTTP RESPONSE 200 {"date":"Fri, 24 Jan 2025 07:11:09 GMT","expires":"Mon, 01 Jan 1990 00:00:00 GMT","pragma":"no-cache","cache-control":"no-cache, no-store, max-age=0, must-revalidate","content-type":"application/json; charset=utf-8","vary":"X-Origin, Referer, Origin,Accept-Encoding","server":"scaffolding on HTTPServer2","x-xss-protection":"0","x-frame-options":"SAMEORIGIN","x-content-type-options":"nosniff","alt-svc":"h3=\":443\"; ma=2592000,h3-29=\":443\"; ma=2592000","accept-ranges":"none","transfer-encoding":"chunked"}
[debug] [2025-01-24T07:11:09.676Z] >>> HTTP REQUEST POST https://firebasehosting.googleapis.com/v1beta1/sites/beta-sa-bot/versions  
 {"config":{"rewrites":[{"glob":"**","path":"/index.html"}]},"labels":{"deployment-tool":"cli-firebase"}}
[debug] [2025-01-24T07:11:11.094Z] <<< HTTP RESPONSE 200 {"content-type":"application/json; charset=UTF-8","vary":"X-Origin, Referer, Origin,Accept-Encoding","date":"Fri, 24 Jan 2025 07:11:11 GMT","server":"ESF","x-xss-protection":"0","x-frame-options":"SAMEORIGIN","x-content-type-options":"nosniff","alt-svc":"h3=\":443\"; ma=2592000,h3-29=\":443\"; ma=2592000","accept-ranges":"none","transfer-encoding":"chunked"}
[info] i  hosting[beta-sa-bot]: beginning deploy... 
[info] i  hosting[beta-sa-bot]: found 36 files in build 
[debug] [2025-01-24T07:11:11.838Z] > refreshing access token with scopes: []
[debug] [2025-01-24T07:11:11.838Z] >>> HTTP REQUEST POST https://www.googleapis.com/oauth2/v3/token  
 <request body omitted>
[debug] [2025-01-24T07:11:11.840Z] [hosting] hash cache [YnVpbGQ] stored for 36 files
[debug] [2025-01-24T07:11:11.841Z] [hosting][hash queue][FINAL] {"max":722,"min":13,"avg":40.30555555555556,"active":0,"complete":36,"success":36,"errored":0,"retried":0,"total":36,"elapsed":728}
[debug] [2025-01-24T07:11:12.075Z] <<< HTTP RESPONSE 200 {"expires":"Mon, 01 Jan 1990 00:00:00 GMT","pragma":"no-cache","cache-control":"no-cache, no-store, max-age=0, must-revalidate","date":"Fri, 24 Jan 2025 07:11:12 GMT","content-type":"application/json; charset=utf-8","vary":"X-Origin, Referer, Origin,Accept-Encoding","server":"scaffolding on HTTPServer2","x-xss-protection":"0","x-frame-options":"SAMEORIGIN","x-content-type-options":"nosniff","alt-svc":"h3=\":443\"; ma=2592000,h3-29=\":443\"; ma=2592000","accept-ranges":"none","transfer-encoding":"chunked"}
[debug] [2025-01-24T07:11:12.097Z] >>> [apiv2][query] POST https://firebasehosting.googleapis.com/v1beta1/sites/beta-sa-bot/versions/9154349ccf6012f9:populateFiles [none]
[debug] [2025-01-24T07:11:12.097Z] >>> [apiv2][body] POST https://firebasehosting.googleapis.com/v1beta1/sites/beta-sa-bot/versions/9154349ccf6012f9:populateFiles {"files":{"/asset-manifest.json":"e9513aaa4cd165537806f0a3629dff559343faa7a6aa4fdbc4aeb37bdba5ef82","/index.html":"7eaf1854405a3f7ef617845c3e07b06fae66e30b29a71c31ad65356f32461ffa","/static/css/main.374d1547.css":"d7f79913f507a97b3a91f9dcfb4c248b747dcc5f7eee184cdf528801f1a2d3b9","/apple-icon.png":"b0a81e07b373bf543fce0f04968f4b8d7450083142dc58be80a1e5682293ae5c","/static/css/main.374d1547.css.map":"170d13f3d9b9945c831cb0d7718e957eb2f4682fac35f167242794d8e8d1a107","/robots.txt":"391d14b3c2f8c9143a27a28c7399585142228d4d1bdbe2c87ac946de411fa9a2","/static/js/main.41004ac5.js.LICENSE.txt":"436b0535ebb4541312ebf56f198c4907f878e6343da42d002086d20fe594f8fe","/manifest.json":"caa81cf0c8b2f28a1527b69c5c5fad9ffba8c719fada7ae15ccc7d70dde9a929","/favicon.png":"7d9e1ed4589a0a0f49efe96aee0e6c440d74efe01997df427a516336e32bbaad","/static/media/car-profile.f1fd6dbea2885b70d857d952f7bf1fa6.svg":"a752902ec0ac68c013f661cc8ced3cdd329f889664f88cb631b7101d5e75650b","/static/media/logo-jira.2883b459bbefebfc4adc83630679544c.svg":"594ad010b898d4091b61837b417b457e6c34144c7034d05214d5f3877402da31","/static/media/graph-billing.b9f0ef123536bbe194a6f77e89a77ed2.svg":"d6cb67c2ea9e28fee9babf19585cfc56f2c0e120cbeef75552ffda3139c11c5d","/static/media/logo-invision.78bd59015b999fe56e105fc02c5f1a52.svg":"2d1c34de032f56197fa6dd79ec782e5ccc126d37dc0b21b37eaa2ee6f36bb186","/static/media/logo-spotify.88c0d071630c966aa8887a796bb3114d.svg":"12376f3c0d27ee7251da746a98bc45e7b9d76d13ce00c627731b961f1ca46368","/static/media/logo-slack.383191accd19b0d5d17c2e84a9923d6d.svg":"60915f58d898eb80ff7dfc310a33bd239cf057d59dfd237a11235aaba6b82d25","/static/media/logo-webdev.a00560c38959808be52a623b69ab3b22.svg":"3f34b3e0ee0779fa0b0d0629dbdfc3e73dfcf545dbf488021041a9476448dbd3","/static/media/logo-xd.b09b6daa79158848f78b3271f72f823e.svg":"66439d32a37ca1567b10eb24737fbddce33318492a24ef2ea65e34c28a645129","/static/media/white-lightning.4b30144a95d73615625d82776f129a8f.svg":"aa6932279e8a75bd661d1480fe8518af87a4bda1fdc65349a96b3cdab93555de","/static/media/team-2.5e013d903a52bbb837e8.jpg":"f982a2a92597c87ed9dc386d15083d6fb4f350328cb6c4a3652958fd4dde9158","/static/media/profile-1.b93e4339963d91504288.png":"b5d364b878da8551660ec5e37f7dc569e3565882f02c1380a3cd8201b4cb3781","/static/media/sidenav-card-background.00019e46ffe060c4df59.png":"62fb715c10436b95fdb9a653d22bf1e015b97c8c1151eab00f5fd77164d6368f","/static/media/avatar4.2a4ba26ccb999bc77825.png":"2933f75dd91ce03a37e3077269440a973a20deb74fc46de0d3d97517b24e668c","/static/media/avatar6.ce4b99ea9b5fda686e3d.png":"b16db01eb309331a6cbea7517501ce5518363a09cb35376cb0599495f95e905e","/static/media/billing-background-card.4fa04d9c116ce21d59e4.png":"39d24060206298fafd7f4d670f3155fee5815c78283e43a083a5b326f2f00a49","/static/media/sub_beginer.8a0da82c693cca4d15fa.png":"6b1e20f453c7ed1d12857158438bdcaac0baa8da4bbd0e8cc42a8d13733de4fc","/static/media/avatar1.1d9e197816db0b5886c1.png":"f380b852368c03893ac36df9df48984fbe995b49145babc6e2dd596c2a3d17a3","/static/media/avatar5.ffd2f0d1dd8652201bc2.png":"d5b847af1ce6d21c23ed51024248eb39cc982c20f8ed3646fea5387f04d19cf5","/static/media/avatar2.b8132c3c3e173e102344.png":"83e291251334a0856b25f22c681c31daab5db8b2b4f7338baab71fc4e8042d36","/static/media/sub_pro.66ea471260451a20556a.png":"1225ea01ed59ea953e230f16f8ce474162edac9a6c9d6a297832a89cdba15cb0","/static/media/avatar3.4d26ce02004a4cd4655b.png":"fb62be9c625e1cde59c7927d832d525bc20b4b8aec4cb7a64a9aecaef9327ab6","/static/media/sub_expert.11c16487f723af14f979.png":"0d2d0b986f6220e98dd42998f02787293f2783e32ef7d37f42b5666f5cee02b5","/static/media/body-background.9e7d96f6af5373ca1771.png":"e98804519d9e8392f2f906fc5017019d599365d483d097e3dd1c303fbe72bdd6","/static/media/signInImage.127192f68887f98e12aa.png":"eb5619120084c5bd79267a31c496498d9348759587233d2b792db1d492ef0855","/static/media/signUpImage.c40a27bbff0e613ecf60.png":"b39a43c5d4eadba7c1baa09421d02507fc8f7264d8e2aec892f17d54786283ca","/static/js/main.41004ac5.js":"dd84b569538a3fc2d4ffb5699711ffb6785e74b035c8c7027b8826afc7272080","/static/js/main.41004ac5.js.map":"f594deaca87ce067abbc17e7ad86156e200bce3ffc438528dbae1aa13085e2e2"}}
[debug] [2025-01-24T07:11:13.087Z] <<< [apiv2][status] POST https://firebasehosting.googleapis.com/v1beta1/sites/beta-sa-bot/versions/9154349ccf6012f9:populateFiles 200
[debug] [2025-01-24T07:11:13.087Z] <<< [apiv2][body] POST https://firebasehosting.googleapis.com/v1beta1/sites/beta-sa-bot/versions/9154349ccf6012f9:populateFiles {"uploadRequiredHashes":["7eaf1854405a3f7ef617845c3e07b06fae66e30b29a71c31ad65356f32461ffa","f982a2a92597c87ed9dc386d15083d6fb4f350328cb6c4a3652958fd4dde9158","b39a43c5d4eadba7c1baa09421d02507fc8f7264d8e2aec892f17d54786283ca","391d14b3c2f8c9143a27a28c7399585142228d4d1bdbe2c87ac946de411fa9a2","f594deaca87ce067abbc17e7ad86156e200bce3ffc438528dbae1aa13085e2e2","d7f79913f507a97b3a91f9dcfb4c248b747dcc5f7eee184cdf528801f1a2d3b9","2933f75dd91ce03a37e3077269440a973a20deb74fc46de0d3d97517b24e668c","b16db01eb309331a6cbea7517501ce5518363a09cb35376cb0599495f95e905e","83e291251334a0856b25f22c681c31daab5db8b2b4f7338baab71fc4e8042d36","39d24060206298fafd7f4d670f3155fee5815c78283e43a083a5b326f2f00a49","6b1e20f453c7ed1d12857158438bdcaac0baa8da4bbd0e8cc42a8d13733de4fc","b0a81e07b373bf543fce0f04968f4b8d7450083142dc58be80a1e5682293ae5c","aa6932279e8a75bd661d1480fe8518af87a4bda1fdc65349a96b3cdab93555de","2d1c34de032f56197fa6dd79ec782e5ccc126d37dc0b21b37eaa2ee6f36bb186","3f34b3e0ee0779fa0b0d0629dbdfc3e73dfcf545dbf488021041a9476448dbd3","e9513aaa4cd165537806f0a3629dff559343faa7a6aa4fdbc4aeb37bdba5ef82","594ad010b898d4091b61837b417b457e6c34144c7034d05214d5f3877402da31","436b0535ebb4541312ebf56f198c4907f878e6343da42d002086d20fe594f8fe","7d9e1ed4589a0a0f49efe96aee0e6c440d74efe01997df427a516336e32bbaad","d6cb67c2ea9e28fee9babf19585cfc56f2c0e120cbeef75552ffda3139c11c5d","170d13f3d9b9945c831cb0d7718e957eb2f4682fac35f167242794d8e8d1a107","0d2d0b986f6220e98dd42998f02787293f2783e32ef7d37f42b5666f5cee02b5","e98804519d9e8392f2f906fc5017019d599365d483d097e3dd1c303fbe72bdd6","eb5619120084c5bd79267a31c496498d9348759587233d2b792db1d492ef0855","dd84b569538a3fc2d4ffb5699711ffb6785e74b035c8c7027b8826afc7272080","caa81cf0c8b2f28a1527b69c5c5fad9ffba8c719fada7ae15ccc7d70dde9a929","d5b847af1ce6d21c23ed51024248eb39cc982c20f8ed3646fea5387f04d19cf5","62fb715c10436b95fdb9a653d22bf1e015b97c8c1151eab00f5fd77164d6368f","f380b852368c03893ac36df9df48984fbe995b49145babc6e2dd596c2a3d17a3","fb62be9c625e1cde59c7927d832d525bc20b4b8aec4cb7a64a9aecaef9327ab6","60915f58d898eb80ff7dfc310a33bd239cf057d59dfd237a11235aaba6b82d25","66439d32a37ca1567b10eb24737fbddce33318492a24ef2ea65e34c28a645129","1225ea01ed59ea953e230f16f8ce474162edac9a6c9d6a297832a89cdba15cb0","a752902ec0ac68c013f661cc8ced3cdd329f889664f88cb631b7101d5e75650b","12376f3c0d27ee7251da746a98bc45e7b9d76d13ce00c627731b961f1ca46368","b5d364b878da8551660ec5e37f7dc569e3565882f02c1380a3cd8201b4cb3781"],"uploadUrl":"https://upload-firebasehosting.googleapis.com/upload/sites/beta-sa-bot/versions/9154349ccf6012f9/files"}
[debug] [2025-01-24T07:11:13.093Z] >>> [apiv2][query] POST https://upload-firebasehosting.googleapis.com/upload/sites/beta-sa-bot/versions/9154349ccf6012f9/files/7eaf1854405a3f7ef617845c3e07b06fae66e30b29a71c31ad65356f32461ffa [none]
[debug] [2025-01-24T07:11:13.093Z] >>> [apiv2][body] POST https://upload-firebasehosting.googleapis.com/upload/sites/beta-sa-bot/versions/9154349ccf6012f9/files/7eaf1854405a3f7ef617845c3e07b06fae66e30b29a71c31ad65356f32461ffa [stream]
[debug] [2025-01-24T07:11:13.094Z] >>> [apiv2][query] POST https://upload-firebasehosting.googleapis.com/upload/sites/beta-sa-bot/versions/9154349ccf6012f9/files/f982a2a92597c87ed9dc386d15083d6fb4f350328cb6c4a3652958fd4dde9158 [none]
[debug] [2025-01-24T07:11:13.095Z] >>> [apiv2][body] POST https://upload-firebasehosting.googleapis.com/upload/sites/beta-sa-bot/versions/9154349ccf6012f9/files/f982a2a92597c87ed9dc386d15083d6fb4f350328cb6c4a3652958fd4dde9158 [stream]
[debug] [2025-01-24T07:11:13.095Z] >>> [apiv2][query] POST https://upload-firebasehosting.googleapis.com/upload/sites/beta-sa-bot/versions/9154349ccf6012f9/files/b39a43c5d4eadba7c1baa09421d02507fc8f7264d8e2aec892f17d54786283ca [none]
[debug] [2025-01-24T07:11:13.095Z] >>> [apiv2][body] POST https://upload-firebasehosting.googleapis.com/upload/sites/beta-sa-bot/versions/9154349ccf6012f9/files/b39a43c5d4eadba7c1baa09421d02507fc8f7264d8e2aec892f17d54786283ca [stream]
[debug] [2025-01-24T07:11:13.096Z] >>> [apiv2][query] POST https://upload-firebasehosting.googleapis.com/upload/sites/beta-sa-bot/versions/9154349ccf6012f9/files/391d14b3c2f8c9143a27a28c7399585142228d4d1bdbe2c87ac946de411fa9a2 [none]
[debug] [2025-01-24T07:11:13.096Z] >>> [apiv2][body] POST https://upload-firebasehosting.googleapis.com/upload/sites/beta-sa-bot/versions/9154349ccf6012f9/files/391d14b3c2f8c9143a27a28c7399585142228d4d1bdbe2c87ac946de411fa9a2 [stream]
[debug] [2025-01-24T07:11:13.097Z] >>> [apiv2][query] POST https://upload-firebasehosting.googleapis.com/upload/sites/beta-sa-bot/versions/9154349ccf6012f9/files/f594deaca87ce067abbc17e7ad86156e200bce3ffc438528dbae1aa13085e2e2 [none]
[debug] [2025-01-24T07:11:13.097Z] >>> [apiv2][body] POST https://upload-firebasehosting.googleapis.com/upload/sites/beta-sa-bot/versions/9154349ccf6012f9/files/f594deaca87ce067abbc17e7ad86156e200bce3ffc438528dbae1aa13085e2e2 [stream]
[debug] [2025-01-24T07:11:13.098Z] >>> [apiv2][query] POST https://upload-firebasehosting.googleapis.com/upload/sites/beta-sa-bot/versions/9154349ccf6012f9/files/d7f79913f507a97b3a91f9dcfb4c248b747dcc5f7eee184cdf528801f1a2d3b9 [none]
[debug] [2025-01-24T07:11:13.098Z] >>> [apiv2][body] POST https://upload-firebasehosting.googleapis.com/upload/sites/beta-sa-bot/versions/9154349ccf6012f9/files/d7f79913f507a97b3a91f9dcfb4c248b747dcc5f7eee184cdf528801f1a2d3b9 [stream]
[debug] [2025-01-24T07:11:13.098Z] >>> [apiv2][query] POST https://upload-firebasehosting.googleapis.com/upload/sites/beta-sa-bot/versions/9154349ccf6012f9/files/2933f75dd91ce03a37e3077269440a973a20deb74fc46de0d3d97517b24e668c [none]
[debug] [2025-01-24T07:11:13.098Z] >>> [apiv2][body] POST https://upload-firebasehosting.googleapis.com/upload/sites/beta-sa-bot/versions/9154349ccf6012f9/files/2933f75dd91ce03a37e3077269440a973a20deb74fc46de0d3d97517b24e668c [stream]
[debug] [2025-01-24T07:11:13.099Z] >>> [apiv2][query] POST https://upload-firebasehosting.googleapis.com/upload/sites/beta-sa-bot/versions/9154349ccf6012f9/files/b16db01eb309331a6cbea7517501ce5518363a09cb35376cb0599495f95e905e [none]
[debug] [2025-01-24T07:11:13.099Z] >>> [apiv2][body] POST https://upload-firebasehosting.googleapis.com/upload/sites/beta-sa-bot/versions/9154349ccf6012f9/files/b16db01eb309331a6cbea7517501ce5518363a09cb35376cb0599495f95e905e [stream]
[debug] [2025-01-24T07:11:13.099Z] >>> [apiv2][query] POST https://upload-firebasehosting.googleapis.com/upload/sites/beta-sa-bot/versions/9154349ccf6012f9/files/83e291251334a0856b25f22c681c31daab5db8b2b4f7338baab71fc4e8042d36 [none]
[debug] [2025-01-24T07:11:13.099Z] >>> [apiv2][body] POST https://upload-firebasehosting.googleapis.com/upload/sites/beta-sa-bot/versions/9154349ccf6012f9/files/83e291251334a0856b25f22c681c31daab5db8b2b4f7338baab71fc4e8042d36 [stream]
[debug] [2025-01-24T07:11:13.100Z] >>> [apiv2][query] POST https://upload-firebasehosting.googleapis.com/upload/sites/beta-sa-bot/versions/9154349ccf6012f9/files/39d24060206298fafd7f4d670f3155fee5815c78283e43a083a5b326f2f00a49 [none]
[debug] [2025-01-24T07:11:13.100Z] >>> [apiv2][body] POST https://upload-firebasehosting.googleapis.com/upload/sites/beta-sa-bot/versions/9154349ccf6012f9/files/39d24060206298fafd7f4d670f3155fee5815c78283e43a083a5b326f2f00a49 [stream]
[debug] [2025-01-24T07:11:13.101Z] >>> [apiv2][query] POST https://upload-firebasehosting.googleapis.com/upload/sites/beta-sa-bot/versions/9154349ccf6012f9/files/6b1e20f453c7ed1d12857158438bdcaac0baa8da4bbd0e8cc42a8d13733de4fc [none]
[debug] [2025-01-24T07:11:13.101Z] >>> [apiv2][body] POST https://upload-firebasehosting.googleapis.com/upload/sites/beta-sa-bot/versions/9154349ccf6012f9/files/6b1e20f453c7ed1d12857158438bdcaac0baa8da4bbd0e8cc42a8d13733de4fc [stream]
[debug] [2025-01-24T07:11:13.101Z] >>> [apiv2][query] POST https://upload-firebasehosting.googleapis.com/upload/sites/beta-sa-bot/versions/9154349ccf6012f9/files/b0a81e07b373bf543fce0f04968f4b8d7450083142dc58be80a1e5682293ae5c [none]
[debug] [2025-01-24T07:11:13.101Z] >>> [apiv2][body] POST https://upload-firebasehosting.googleapis.com/upload/sites/beta-sa-bot/versions/9154349ccf6012f9/files/b0a81e07b373bf543fce0f04968f4b8d7450083142dc58be80a1e5682293ae5c [stream]
[debug] [2025-01-24T07:11:13.102Z] >>> [apiv2][query] POST https://upload-firebasehosting.googleapis.com/upload/sites/beta-sa-bot/versions/9154349ccf6012f9/files/aa6932279e8a75bd661d1480fe8518af87a4bda1fdc65349a96b3cdab93555de [none]
[debug] [2025-01-24T07:11:13.102Z] >>> [apiv2][body] POST https://upload-firebasehosting.googleapis.com/upload/sites/beta-sa-bot/versions/9154349ccf6012f9/files/aa6932279e8a75bd661d1480fe8518af87a4bda1fdc65349a96b3cdab93555de [stream]
[debug] [2025-01-24T07:11:13.102Z] >>> [apiv2][query] POST https://upload-firebasehosting.googleapis.com/upload/sites/beta-sa-bot/versions/9154349ccf6012f9/files/2d1c34de032f56197fa6dd79ec782e5ccc126d37dc0b21b37eaa2ee6f36bb186 [none]
[debug] [2025-01-24T07:11:13.102Z] >>> [apiv2][body] POST https://upload-firebasehosting.googleapis.com/upload/sites/beta-sa-bot/versions/9154349ccf6012f9/files/2d1c34de032f56197fa6dd79ec782e5ccc126d37dc0b21b37eaa2ee6f36bb186 [stream]
[debug] [2025-01-24T07:11:13.102Z] >>> [apiv2][query] POST https://upload-firebasehosting.googleapis.com/upload/sites/beta-sa-bot/versions/9154349ccf6012f9/files/3f34b3e0ee0779fa0b0d0629dbdfc3e73dfcf545dbf488021041a9476448dbd3 [none]
[debug] [2025-01-24T07:11:13.102Z] >>> [apiv2][body] POST https://upload-firebasehosting.googleapis.com/upload/sites/beta-sa-bot/versions/9154349ccf6012f9/files/3f34b3e0ee0779fa0b0d0629dbdfc3e73dfcf545dbf488021041a9476448dbd3 [stream]
[debug] [2025-01-24T07:11:13.103Z] >>> [apiv2][query] POST https://upload-firebasehosting.googleapis.com/upload/sites/beta-sa-bot/versions/9154349ccf6012f9/files/e9513aaa4cd165537806f0a3629dff559343faa7a6aa4fdbc4aeb37bdba5ef82 [none]
[debug] [2025-01-24T07:11:13.103Z] >>> [apiv2][body] POST https://upload-firebasehosting.googleapis.com/upload/sites/beta-sa-bot/versions/9154349ccf6012f9/files/e9513aaa4cd165537806f0a3629dff559343faa7a6aa4fdbc4aeb37bdba5ef82 [stream]
[debug] [2025-01-24T07:11:13.103Z] >>> [apiv2][query] POST https://upload-firebasehosting.googleapis.com/upload/sites/beta-sa-bot/versions/9154349ccf6012f9/files/594ad010b898d4091b61837b417b457e6c34144c7034d05214d5f3877402da31 [none]
[debug] [2025-01-24T07:11:13.103Z] >>> [apiv2][body] POST https://upload-firebasehosting.googleapis.com/upload/sites/beta-sa-bot/versions/9154349ccf6012f9/files/594ad010b898d4091b61837b417b457e6c34144c7034d05214d5f3877402da31 [stream]
[debug] [2025-01-24T07:11:13.103Z] >>> [apiv2][query] POST https://upload-firebasehosting.googleapis.com/upload/sites/beta-sa-bot/versions/9154349ccf6012f9/files/436b0535ebb4541312ebf56f198c4907f878e6343da42d002086d20fe594f8fe [none]
[debug] [2025-01-24T07:11:13.103Z] >>> [apiv2][body] POST https://upload-firebasehosting.googleapis.com/upload/sites/beta-sa-bot/versions/9154349ccf6012f9/files/436b0535ebb4541312ebf56f198c4907f878e6343da42d002086d20fe594f8fe [stream]
[debug] [2025-01-24T07:11:13.103Z] >>> [apiv2][query] POST https://upload-firebasehosting.googleapis.com/upload/sites/beta-sa-bot/versions/9154349ccf6012f9/files/7d9e1ed4589a0a0f49efe96aee0e6c440d74efe01997df427a516336e32bbaad [none]
[debug] [2025-01-24T07:11:13.104Z] >>> [apiv2][body] POST https://upload-firebasehosting.googleapis.com/upload/sites/beta-sa-bot/versions/9154349ccf6012f9/files/7d9e1ed4589a0a0f49efe96aee0e6c440d74efe01997df427a516336e32bbaad [stream]
[debug] [2025-01-24T07:11:13.104Z] >>> [apiv2][query] POST https://upload-firebasehosting.googleapis.com/upload/sites/beta-sa-bot/versions/9154349ccf6012f9/files/d6cb67c2ea9e28fee9babf19585cfc56f2c0e120cbeef75552ffda3139c11c5d [none]
[debug] [2025-01-24T07:11:13.104Z] >>> [apiv2][body] POST https://upload-firebasehosting.googleapis.com/upload/sites/beta-sa-bot/versions/9154349ccf6012f9/files/d6cb67c2ea9e28fee9babf19585cfc56f2c0e120cbeef75552ffda3139c11c5d [stream]
[debug] [2025-01-24T07:11:13.104Z] >>> [apiv2][query] POST https://upload-firebasehosting.googleapis.com/upload/sites/beta-sa-bot/versions/9154349ccf6012f9/files/170d13f3d9b9945c831cb0d7718e957eb2f4682fac35f167242794d8e8d1a107 [none]
[debug] [2025-01-24T07:11:13.104Z] >>> [apiv2][body] POST https://upload-firebasehosting.googleapis.com/upload/sites/beta-sa-bot/versions/9154349ccf6012f9/files/170d13f3d9b9945c831cb0d7718e957eb2f4682fac35f167242794d8e8d1a107 [stream]
[debug] [2025-01-24T07:11:13.104Z] >>> [apiv2][query] POST https://upload-firebasehosting.googleapis.com/upload/sites/beta-sa-bot/versions/9154349ccf6012f9/files/0d2d0b986f6220e98dd42998f02787293f2783e32ef7d37f42b5666f5cee02b5 [none]
[debug] [2025-01-24T07:11:13.104Z] >>> [apiv2][body] POST https://upload-firebasehosting.googleapis.com/upload/sites/beta-sa-bot/versions/9154349ccf6012f9/files/0d2d0b986f6220e98dd42998f02787293f2783e32ef7d37f42b5666f5cee02b5 [stream]
[debug] [2025-01-24T07:11:13.104Z] >>> [apiv2][query] POST https://upload-firebasehosting.googleapis.com/upload/sites/beta-sa-bot/versions/9154349ccf6012f9/files/e98804519d9e8392f2f906fc5017019d599365d483d097e3dd1c303fbe72bdd6 [none]
[debug] [2025-01-24T07:11:13.104Z] >>> [apiv2][body] POST https://upload-firebasehosting.googleapis.com/upload/sites/beta-sa-bot/versions/9154349ccf6012f9/files/e98804519d9e8392f2f906fc5017019d599365d483d097e3dd1c303fbe72bdd6 [stream]
[debug] [2025-01-24T07:11:13.105Z] >>> [apiv2][query] POST https://upload-firebasehosting.googleapis.com/upload/sites/beta-sa-bot/versions/9154349ccf6012f9/files/eb5619120084c5bd79267a31c496498d9348759587233d2b792db1d492ef0855 [none]
[debug] [2025-01-24T07:11:13.105Z] >>> [apiv2][body] POST https://upload-firebasehosting.googleapis.com/upload/sites/beta-sa-bot/versions/9154349ccf6012f9/files/eb5619120084c5bd79267a31c496498d9348759587233d2b792db1d492ef0855 [stream]
[debug] [2025-01-24T07:11:13.105Z] >>> [apiv2][query] POST https://upload-firebasehosting.googleapis.com/upload/sites/beta-sa-bot/versions/9154349ccf6012f9/files/dd84b569538a3fc2d4ffb5699711ffb6785e74b035c8c7027b8826afc7272080 [none]
[debug] [2025-01-24T07:11:13.105Z] >>> [apiv2][body] POST https://upload-firebasehosting.googleapis.com/upload/sites/beta-sa-bot/versions/9154349ccf6012f9/files/dd84b569538a3fc2d4ffb5699711ffb6785e74b035c8c7027b8826afc7272080 [stream]
[debug] [2025-01-24T07:11:13.105Z] >>> [apiv2][query] POST https://upload-firebasehosting.googleapis.com/upload/sites/beta-sa-bot/versions/9154349ccf6012f9/files/caa81cf0c8b2f28a1527b69c5c5fad9ffba8c719fada7ae15ccc7d70dde9a929 [none]
[debug] [2025-01-24T07:11:13.105Z] >>> [apiv2][body] POST https://upload-firebasehosting.googleapis.com/upload/sites/beta-sa-bot/versions/9154349ccf6012f9/files/caa81cf0c8b2f28a1527b69c5c5fad9ffba8c719fada7ae15ccc7d70dde9a929 [stream]
[debug] [2025-01-24T07:11:13.105Z] >>> [apiv2][query] POST https://upload-firebasehosting.googleapis.com/upload/sites/beta-sa-bot/versions/9154349ccf6012f9/files/d5b847af1ce6d21c23ed51024248eb39cc982c20f8ed3646fea5387f04d19cf5 [none]
[debug] [2025-01-24T07:11:13.105Z] >>> [apiv2][body] POST https://upload-firebasehosting.googleapis.com/upload/sites/beta-sa-bot/versions/9154349ccf6012f9/files/d5b847af1ce6d21c23ed51024248eb39cc982c20f8ed3646fea5387f04d19cf5 [stream]
[debug] [2025-01-24T07:11:13.106Z] >>> [apiv2][query] POST https://upload-firebasehosting.googleapis.com/upload/sites/beta-sa-bot/versions/9154349ccf6012f9/files/62fb715c10436b95fdb9a653d22bf1e015b97c8c1151eab00f5fd77164d6368f [none]
[debug] [2025-01-24T07:11:13.106Z] >>> [apiv2][body] POST https://upload-firebasehosting.googleapis.com/upload/sites/beta-sa-bot/versions/9154349ccf6012f9/files/62fb715c10436b95fdb9a653d22bf1e015b97c8c1151eab00f5fd77164d6368f [stream]
[debug] [2025-01-24T07:11:13.106Z] >>> [apiv2][query] POST https://upload-firebasehosting.googleapis.com/upload/sites/beta-sa-bot/versions/9154349ccf6012f9/files/f380b852368c03893ac36df9df48984fbe995b49145babc6e2dd596c2a3d17a3 [none]
[debug] [2025-01-24T07:11:13.106Z] >>> [apiv2][body] POST https://upload-firebasehosting.googleapis.com/upload/sites/beta-sa-bot/versions/9154349ccf6012f9/files/f380b852368c03893ac36df9df48984fbe995b49145babc6e2dd596c2a3d17a3 [stream]
[debug] [2025-01-24T07:11:13.106Z] >>> [apiv2][query] POST https://upload-firebasehosting.googleapis.com/upload/sites/beta-sa-bot/versions/9154349ccf6012f9/files/fb62be9c625e1cde59c7927d832d525bc20b4b8aec4cb7a64a9aecaef9327ab6 [none]
[debug] [2025-01-24T07:11:13.106Z] >>> [apiv2][body] POST https://upload-firebasehosting.googleapis.com/upload/sites/beta-sa-bot/versions/9154349ccf6012f9/files/fb62be9c625e1cde59c7927d832d525bc20b4b8aec4cb7a64a9aecaef9327ab6 [stream]
[debug] [2025-01-24T07:11:13.106Z] >>> [apiv2][query] POST https://upload-firebasehosting.googleapis.com/upload/sites/beta-sa-bot/versions/9154349ccf6012f9/files/60915f58d898eb80ff7dfc310a33bd239cf057d59dfd237a11235aaba6b82d25 [none]
[debug] [2025-01-24T07:11:13.107Z] >>> [apiv2][body] POST https://upload-firebasehosting.googleapis.com/upload/sites/beta-sa-bot/versions/9154349ccf6012f9/files/60915f58d898eb80ff7dfc310a33bd239cf057d59dfd237a11235aaba6b82d25 [stream]
[debug] [2025-01-24T07:11:13.107Z] >>> [apiv2][query] POST https://upload-firebasehosting.googleapis.com/upload/sites/beta-sa-bot/versions/9154349ccf6012f9/files/66439d32a37ca1567b10eb24737fbddce33318492a24ef2ea65e34c28a645129 [none]
[debug] [2025-01-24T07:11:13.107Z] >>> [apiv2][body] POST https://upload-firebasehosting.googleapis.com/upload/sites/beta-sa-bot/versions/9154349ccf6012f9/files/66439d32a37ca1567b10eb24737fbddce33318492a24ef2ea65e34c28a645129 [stream]
[debug] [2025-01-24T07:11:13.107Z] >>> [apiv2][query] POST https://upload-firebasehosting.googleapis.com/upload/sites/beta-sa-bot/versions/9154349ccf6012f9/files/1225ea01ed59ea953e230f16f8ce474162edac9a6c9d6a297832a89cdba15cb0 [none]
[debug] [2025-01-24T07:11:13.107Z] >>> [apiv2][body] POST https://upload-firebasehosting.googleapis.com/upload/sites/beta-sa-bot/versions/9154349ccf6012f9/files/1225ea01ed59ea953e230f16f8ce474162edac9a6c9d6a297832a89cdba15cb0 [stream]
[debug] [2025-01-24T07:11:13.107Z] >>> [apiv2][query] POST https://upload-firebasehosting.googleapis.com/upload/sites/beta-sa-bot/versions/9154349ccf6012f9/files/a752902ec0ac68c013f661cc8ced3cdd329f889664f88cb631b7101d5e75650b [none]
[debug] [2025-01-24T07:11:13.107Z] >>> [apiv2][body] POST https://upload-firebasehosting.googleapis.com/upload/sites/beta-sa-bot/versions/9154349ccf6012f9/files/a752902ec0ac68c013f661cc8ced3cdd329f889664f88cb631b7101d5e75650b [stream]
[debug] [2025-01-24T07:11:13.107Z] >>> [apiv2][query] POST https://upload-firebasehosting.googleapis.com/upload/sites/beta-sa-bot/versions/9154349ccf6012f9/files/12376f3c0d27ee7251da746a98bc45e7b9d76d13ce00c627731b961f1ca46368 [none]
[debug] [2025-01-24T07:11:13.107Z] >>> [apiv2][body] POST https://upload-firebasehosting.googleapis.com/upload/sites/beta-sa-bot/versions/9154349ccf6012f9/files/12376f3c0d27ee7251da746a98bc45e7b9d76d13ce00c627731b961f1ca46368 [stream]
[debug] [2025-01-24T07:11:13.108Z] >>> [apiv2][query] POST https://upload-firebasehosting.googleapis.com/upload/sites/beta-sa-bot/versions/9154349ccf6012f9/files/b5d364b878da8551660ec5e37f7dc569e3565882f02c1380a3cd8201b4cb3781 [none]
[debug] [2025-01-24T07:11:13.108Z] >>> [apiv2][body] POST https://upload-firebasehosting.googleapis.com/upload/sites/beta-sa-bot/versions/9154349ccf6012f9/files/b5d364b878da8551660ec5e37f7dc569e3565882f02c1380a3cd8201b4cb3781 [stream]
[debug] [2025-01-24T07:11:13.108Z] [hosting][populate queue][FINAL] {"max":1255,"min":1255,"avg":1255,"active":0,"complete":1,"success":1,"errored":0,"retried":0,"total":1,"elapsed":1270}
[debug] [2025-01-24T07:11:13.108Z] [hosting] uploads queued: 36
[debug] [2025-01-24T07:11:14.456Z] <<< [apiv2][status] POST https://upload-firebasehosting.googleapis.com/upload/sites/beta-sa-bot/versions/9154349ccf6012f9/files/66439d32a37ca1567b10eb24737fbddce33318492a24ef2ea65e34c28a645129 200
[debug] [2025-01-24T07:11:14.457Z] <<< [apiv2][body] POST https://upload-firebasehosting.googleapis.com/upload/sites/beta-sa-bot/versions/9154349ccf6012f9/files/66439d32a37ca1567b10eb24737fbddce33318492a24ef2ea65e34c28a645129 [stream]
[debug] [2025-01-24T07:11:14.459Z] <<< [apiv2][status] POST https://upload-firebasehosting.googleapis.com/upload/sites/beta-sa-bot/versions/9154349ccf6012f9/files/391d14b3c2f8c9143a27a28c7399585142228d4d1bdbe2c87ac946de411fa9a2 200
[debug] [2025-01-24T07:11:14.459Z] <<< [apiv2][body] POST https://upload-firebasehosting.googleapis.com/upload/sites/beta-sa-bot/versions/9154349ccf6012f9/files/391d14b3c2f8c9143a27a28c7399585142228d4d1bdbe2c87ac946de411fa9a2 [stream]
[debug] [2025-01-24T07:11:14.464Z] <<< [apiv2][status] POST https://upload-firebasehosting.googleapis.com/upload/sites/beta-sa-bot/versions/9154349ccf6012f9/files/caa81cf0c8b2f28a1527b69c5c5fad9ffba8c719fada7ae15ccc7d70dde9a929 200
[debug] [2025-01-24T07:11:14.464Z] <<< [apiv2][body] POST https://upload-firebasehosting.googleapis.com/upload/sites/beta-sa-bot/versions/9154349ccf6012f9/files/caa81cf0c8b2f28a1527b69c5c5fad9ffba8c719fada7ae15ccc7d70dde9a929 [stream]
[debug] [2025-01-24T07:11:14.465Z] <<< [apiv2][status] POST https://upload-firebasehosting.googleapis.com/upload/sites/beta-sa-bot/versions/9154349ccf6012f9/files/3f34b3e0ee0779fa0b0d0629dbdfc3e73dfcf545dbf488021041a9476448dbd3 200
[debug] [2025-01-24T07:11:14.465Z] <<< [apiv2][body] POST https://upload-firebasehosting.googleapis.com/upload/sites/beta-sa-bot/versions/9154349ccf6012f9/files/3f34b3e0ee0779fa0b0d0629dbdfc3e73dfcf545dbf488021041a9476448dbd3 [stream]
[debug] [2025-01-24T07:11:14.466Z] <<< [apiv2][status] POST https://upload-firebasehosting.googleapis.com/upload/sites/beta-sa-bot/versions/9154349ccf6012f9/files/b0a81e07b373bf543fce0f04968f4b8d7450083142dc58be80a1e5682293ae5c 200
[debug] [2025-01-24T07:11:14.466Z] <<< [apiv2][body] POST https://upload-firebasehosting.googleapis.com/upload/sites/beta-sa-bot/versions/9154349ccf6012f9/files/b0a81e07b373bf543fce0f04968f4b8d7450083142dc58be80a1e5682293ae5c [stream]
[debug] [2025-01-24T07:11:14.466Z] <<< [apiv2][status] POST https://upload-firebasehosting.googleapis.com/upload/sites/beta-sa-bot/versions/9154349ccf6012f9/files/436b0535ebb4541312ebf56f198c4907f878e6343da42d002086d20fe594f8fe 200
[debug] [2025-01-24T07:11:14.466Z] <<< [apiv2][body] POST https://upload-firebasehosting.googleapis.com/upload/sites/beta-sa-bot/versions/9154349ccf6012f9/files/436b0535ebb4541312ebf56f198c4907f878e6343da42d002086d20fe594f8fe [stream]
[debug] [2025-01-24T07:11:14.466Z] <<< [apiv2][status] POST https://upload-firebasehosting.googleapis.com/upload/sites/beta-sa-bot/versions/9154349ccf6012f9/files/aa6932279e8a75bd661d1480fe8518af87a4bda1fdc65349a96b3cdab93555de 200
[debug] [2025-01-24T07:11:14.466Z] <<< [apiv2][body] POST https://upload-firebasehosting.googleapis.com/upload/sites/beta-sa-bot/versions/9154349ccf6012f9/files/aa6932279e8a75bd661d1480fe8518af87a4bda1fdc65349a96b3cdab93555de [stream]
[debug] [2025-01-24T07:11:14.478Z] <<< [apiv2][status] POST https://upload-firebasehosting.googleapis.com/upload/sites/beta-sa-bot/versions/9154349ccf6012f9/files/7d9e1ed4589a0a0f49efe96aee0e6c440d74efe01997df427a516336e32bbaad 200
[debug] [2025-01-24T07:11:14.478Z] <<< [apiv2][body] POST https://upload-firebasehosting.googleapis.com/upload/sites/beta-sa-bot/versions/9154349ccf6012f9/files/7d9e1ed4589a0a0f49efe96aee0e6c440d74efe01997df427a516336e32bbaad [stream]
[debug] [2025-01-24T07:11:14.478Z] <<< [apiv2][status] POST https://upload-firebasehosting.googleapis.com/upload/sites/beta-sa-bot/versions/9154349ccf6012f9/files/b5d364b878da8551660ec5e37f7dc569e3565882f02c1380a3cd8201b4cb3781 200
[debug] [2025-01-24T07:11:14.478Z] <<< [apiv2][body] POST https://upload-firebasehosting.googleapis.com/upload/sites/beta-sa-bot/versions/9154349ccf6012f9/files/b5d364b878da8551660ec5e37f7dc569e3565882f02c1380a3cd8201b4cb3781 [stream]
[debug] [2025-01-24T07:11:14.479Z] <<< [apiv2][status] POST https://upload-firebasehosting.googleapis.com/upload/sites/beta-sa-bot/versions/9154349ccf6012f9/files/594ad010b898d4091b61837b417b457e6c34144c7034d05214d5f3877402da31 200
[debug] [2025-01-24T07:11:14.479Z] <<< [apiv2][body] POST https://upload-firebasehosting.googleapis.com/upload/sites/beta-sa-bot/versions/9154349ccf6012f9/files/594ad010b898d4091b61837b417b457e6c34144c7034d05214d5f3877402da31 [stream]
[debug] [2025-01-24T07:11:14.496Z] <<< [apiv2][status] POST https://upload-firebasehosting.googleapis.com/upload/sites/beta-sa-bot/versions/9154349ccf6012f9/files/f982a2a92597c87ed9dc386d15083d6fb4f350328cb6c4a3652958fd4dde9158 200
[debug] [2025-01-24T07:11:14.496Z] <<< [apiv2][body] POST https://upload-firebasehosting.googleapis.com/upload/sites/beta-sa-bot/versions/9154349ccf6012f9/files/f982a2a92597c87ed9dc386d15083d6fb4f350328cb6c4a3652958fd4dde9158 [stream]
[debug] [2025-01-24T07:11:14.827Z] <<< [apiv2][status] POST https://upload-firebasehosting.googleapis.com/upload/sites/beta-sa-bot/versions/9154349ccf6012f9/files/a752902ec0ac68c013f661cc8ced3cdd329f889664f88cb631b7101d5e75650b 200
[debug] [2025-01-24T07:11:14.828Z] <<< [apiv2][body] POST https://upload-firebasehosting.googleapis.com/upload/sites/beta-sa-bot/versions/9154349ccf6012f9/files/a752902ec0ac68c013f661cc8ced3cdd329f889664f88cb631b7101d5e75650b [stream]
[debug] [2025-01-24T07:11:14.837Z] <<< [apiv2][status] POST https://upload-firebasehosting.googleapis.com/upload/sites/beta-sa-bot/versions/9154349ccf6012f9/files/62fb715c10436b95fdb9a653d22bf1e015b97c8c1151eab00f5fd77164d6368f 200
[debug] [2025-01-24T07:11:14.837Z] <<< [apiv2][body] POST https://upload-firebasehosting.googleapis.com/upload/sites/beta-sa-bot/versions/9154349ccf6012f9/files/62fb715c10436b95fdb9a653d22bf1e015b97c8c1151eab00f5fd77164d6368f [stream]
[debug] [2025-01-24T07:11:14.848Z] <<< [apiv2][status] POST https://upload-firebasehosting.googleapis.com/upload/sites/beta-sa-bot/versions/9154349ccf6012f9/files/60915f58d898eb80ff7dfc310a33bd239cf057d59dfd237a11235aaba6b82d25 200
[debug] [2025-01-24T07:11:14.848Z] <<< [apiv2][body] POST https://upload-firebasehosting.googleapis.com/upload/sites/beta-sa-bot/versions/9154349ccf6012f9/files/60915f58d898eb80ff7dfc310a33bd239cf057d59dfd237a11235aaba6b82d25 [stream]
[debug] [2025-01-24T07:11:14.854Z] <<< [apiv2][status] POST https://upload-firebasehosting.googleapis.com/upload/sites/beta-sa-bot/versions/9154349ccf6012f9/files/d7f79913f507a97b3a91f9dcfb4c248b747dcc5f7eee184cdf528801f1a2d3b9 200
[debug] [2025-01-24T07:11:14.854Z] <<< [apiv2][body] POST https://upload-firebasehosting.googleapis.com/upload/sites/beta-sa-bot/versions/9154349ccf6012f9/files/d7f79913f507a97b3a91f9dcfb4c248b747dcc5f7eee184cdf528801f1a2d3b9 [stream]
[debug] [2025-01-24T07:11:14.854Z] <<< [apiv2][status] POST https://upload-firebasehosting.googleapis.com/upload/sites/beta-sa-bot/versions/9154349ccf6012f9/files/12376f3c0d27ee7251da746a98bc45e7b9d76d13ce00c627731b961f1ca46368 200
[debug] [2025-01-24T07:11:14.854Z] <<< [apiv2][body] POST https://upload-firebasehosting.googleapis.com/upload/sites/beta-sa-bot/versions/9154349ccf6012f9/files/12376f3c0d27ee7251da746a98bc45e7b9d76d13ce00c627731b961f1ca46368 [stream]
[debug] [2025-01-24T07:11:14.859Z] <<< [apiv2][status] POST https://upload-firebasehosting.googleapis.com/upload/sites/beta-sa-bot/versions/9154349ccf6012f9/files/170d13f3d9b9945c831cb0d7718e957eb2f4682fac35f167242794d8e8d1a107 200
[debug] [2025-01-24T07:11:14.860Z] <<< [apiv2][body] POST https://upload-firebasehosting.googleapis.com/upload/sites/beta-sa-bot/versions/9154349ccf6012f9/files/170d13f3d9b9945c831cb0d7718e957eb2f4682fac35f167242794d8e8d1a107 [stream]
[debug] [2025-01-24T07:11:14.888Z] <<< [apiv2][status] POST https://upload-firebasehosting.googleapis.com/upload/sites/beta-sa-bot/versions/9154349ccf6012f9/files/2d1c34de032f56197fa6dd79ec782e5ccc126d37dc0b21b37eaa2ee6f36bb186 200
[debug] [2025-01-24T07:11:14.888Z] <<< [apiv2][body] POST https://upload-firebasehosting.googleapis.com/upload/sites/beta-sa-bot/versions/9154349ccf6012f9/files/2d1c34de032f56197fa6dd79ec782e5ccc126d37dc0b21b37eaa2ee6f36bb186 [stream]
[debug] [2025-01-24T07:11:15.242Z] <<< [apiv2][status] POST https://upload-firebasehosting.googleapis.com/upload/sites/beta-sa-bot/versions/9154349ccf6012f9/files/7eaf1854405a3f7ef617845c3e07b06fae66e30b29a71c31ad65356f32461ffa 200
[debug] [2025-01-24T07:11:15.243Z] <<< [apiv2][body] POST https://upload-firebasehosting.googleapis.com/upload/sites/beta-sa-bot/versions/9154349ccf6012f9/files/7eaf1854405a3f7ef617845c3e07b06fae66e30b29a71c31ad65356f32461ffa [stream]
[debug] [2025-01-24T07:11:15.337Z] <<< [apiv2][status] POST https://upload-firebasehosting.googleapis.com/upload/sites/beta-sa-bot/versions/9154349ccf6012f9/files/e9513aaa4cd165537806f0a3629dff559343faa7a6aa4fdbc4aeb37bdba5ef82 200
[debug] [2025-01-24T07:11:15.338Z] <<< [apiv2][body] POST https://upload-firebasehosting.googleapis.com/upload/sites/beta-sa-bot/versions/9154349ccf6012f9/files/e9513aaa4cd165537806f0a3629dff559343faa7a6aa4fdbc4aeb37bdba5ef82 [stream]
[debug] [2025-01-24T07:11:16.102Z] <<< [apiv2][status] POST https://upload-firebasehosting.googleapis.com/upload/sites/beta-sa-bot/versions/9154349ccf6012f9/files/d6cb67c2ea9e28fee9babf19585cfc56f2c0e120cbeef75552ffda3139c11c5d 200
[debug] [2025-01-24T07:11:16.103Z] <<< [apiv2][body] POST https://upload-firebasehosting.googleapis.com/upload/sites/beta-sa-bot/versions/9154349ccf6012f9/files/d6cb67c2ea9e28fee9babf19585cfc56f2c0e120cbeef75552ffda3139c11c5d [stream]
[debug] [2025-01-24T07:11:43.498Z] [uploadQueue] Retrying task b39a43c5d4eadba7c1baa09421d02507fc8f7264d8e2aec892f17d54786283ca
[debug] [2025-01-24T07:11:43.499Z] >>> [apiv2][query] POST https://upload-firebasehosting.googleapis.com/upload/sites/beta-sa-bot/versions/9154349ccf6012f9/files/b39a43c5d4eadba7c1baa09421d02507fc8f7264d8e2aec892f17d54786283ca [none]
[debug] [2025-01-24T07:11:43.500Z] >>> [apiv2][body] POST https://upload-firebasehosting.googleapis.com/upload/sites/beta-sa-bot/versions/9154349ccf6012f9/files/b39a43c5d4eadba7c1baa09421d02507fc8f7264d8e2aec892f17d54786283ca [stream]
[debug] [2025-01-24T07:11:43.502Z] [uploadQueue] Retrying task 2933f75dd91ce03a37e3077269440a973a20deb74fc46de0d3d97517b24e668c
[debug] [2025-01-24T07:11:43.502Z] >>> [apiv2][query] POST https://upload-firebasehosting.googleapis.com/upload/sites/beta-sa-bot/versions/9154349ccf6012f9/files/2933f75dd91ce03a37e3077269440a973a20deb74fc46de0d3d97517b24e668c [none]
[debug] [2025-01-24T07:11:43.502Z] >>> [apiv2][body] POST https://upload-firebasehosting.googleapis.com/upload/sites/beta-sa-bot/versions/9154349ccf6012f9/files/2933f75dd91ce03a37e3077269440a973a20deb74fc46de0d3d97517b24e668c [stream]
[debug] [2025-01-24T07:11:43.504Z] [uploadQueue] Retrying task b16db01eb309331a6cbea7517501ce5518363a09cb35376cb0599495f95e905e
[debug] [2025-01-24T07:11:43.505Z] >>> [apiv2][query] POST https://upload-firebasehosting.googleapis.com/upload/sites/beta-sa-bot/versions/9154349ccf6012f9/files/b16db01eb309331a6cbea7517501ce5518363a09cb35376cb0599495f95e905e [none]
[debug] [2025-01-24T07:11:43.505Z] >>> [apiv2][body] POST https://upload-firebasehosting.googleapis.com/upload/sites/beta-sa-bot/versions/9154349ccf6012f9/files/b16db01eb309331a6cbea7517501ce5518363a09cb35376cb0599495f95e905e [stream]
[debug] [2025-01-24T07:11:43.506Z] [uploadQueue] Retrying task 83e291251334a0856b25f22c681c31daab5db8b2b4f7338baab71fc4e8042d36
[debug] [2025-01-24T07:11:43.506Z] >>> [apiv2][query] POST https://upload-firebasehosting.googleapis.com/upload/sites/beta-sa-bot/versions/9154349ccf6012f9/files/83e291251334a0856b25f22c681c31daab5db8b2b4f7338baab71fc4e8042d36 [none]
[debug] [2025-01-24T07:11:43.506Z] >>> [apiv2][body] POST https://upload-firebasehosting.googleapis.com/upload/sites/beta-sa-bot/versions/9154349ccf6012f9/files/83e291251334a0856b25f22c681c31daab5db8b2b4f7338baab71fc4e8042d36 [stream]
[debug] [2025-01-24T07:11:43.507Z] [uploadQueue] Retrying task 39d24060206298fafd7f4d670f3155fee5815c78283e43a083a5b326f2f00a49
[debug] [2025-01-24T07:11:43.507Z] >>> [apiv2][query] POST https://upload-firebasehosting.googleapis.com/upload/sites/beta-sa-bot/versions/9154349ccf6012f9/files/39d24060206298fafd7f4d670f3155fee5815c78283e43a083a5b326f2f00a49 [none]
[debug] [2025-01-24T07:11:43.507Z] >>> [apiv2][body] POST https://upload-firebasehosting.googleapis.com/upload/sites/beta-sa-bot/versions/9154349ccf6012f9/files/39d24060206298fafd7f4d670f3155fee5815c78283e43a083a5b326f2f00a49 [stream]
[debug] [2025-01-24T07:11:43.508Z] [uploadQueue] Retrying task 6b1e20f453c7ed1d12857158438bdcaac0baa8da4bbd0e8cc42a8d13733de4fc
[debug] [2025-01-24T07:11:43.508Z] >>> [apiv2][query] POST https://upload-firebasehosting.googleapis.com/upload/sites/beta-sa-bot/versions/9154349ccf6012f9/files/6b1e20f453c7ed1d12857158438bdcaac0baa8da4bbd0e8cc42a8d13733de4fc [none]
[debug] [2025-01-24T07:11:43.508Z] >>> [apiv2][body] POST https://upload-firebasehosting.googleapis.com/upload/sites/beta-sa-bot/versions/9154349ccf6012f9/files/6b1e20f453c7ed1d12857158438bdcaac0baa8da4bbd0e8cc42a8d13733de4fc [stream]
[debug] [2025-01-24T07:11:43.509Z] [uploadQueue] Retrying task 0d2d0b986f6220e98dd42998f02787293f2783e32ef7d37f42b5666f5cee02b5
[debug] [2025-01-24T07:11:43.509Z] >>> [apiv2][query] POST https://upload-firebasehosting.googleapis.com/upload/sites/beta-sa-bot/versions/9154349ccf6012f9/files/0d2d0b986f6220e98dd42998f02787293f2783e32ef7d37f42b5666f5cee02b5 [none]
[debug] [2025-01-24T07:11:43.509Z] >>> [apiv2][body] POST https://upload-firebasehosting.googleapis.com/upload/sites/beta-sa-bot/versions/9154349ccf6012f9/files/0d2d0b986f6220e98dd42998f02787293f2783e32ef7d37f42b5666f5cee02b5 [stream]
[debug] [2025-01-24T07:11:43.510Z] [uploadQueue] Retrying task e98804519d9e8392f2f906fc5017019d599365d483d097e3dd1c303fbe72bdd6
[debug] [2025-01-24T07:11:43.510Z] >>> [apiv2][query] POST https://upload-firebasehosting.googleapis.com/upload/sites/beta-sa-bot/versions/9154349ccf6012f9/files/e98804519d9e8392f2f906fc5017019d599365d483d097e3dd1c303fbe72bdd6 [none]
[debug] [2025-01-24T07:11:43.510Z] >>> [apiv2][body] POST https://upload-firebasehosting.googleapis.com/upload/sites/beta-sa-bot/versions/9154349ccf6012f9/files/e98804519d9e8392f2f906fc5017019d599365d483d097e3dd1c303fbe72bdd6 [stream]
[debug] [2025-01-24T07:11:43.511Z] [uploadQueue] Retrying task eb5619120084c5bd79267a31c496498d9348759587233d2b792db1d492ef0855
[debug] [2025-01-24T07:11:43.511Z] >>> [apiv2][query] POST https://upload-firebasehosting.googleapis.com/upload/sites/beta-sa-bot/versions/9154349ccf6012f9/files/eb5619120084c5bd79267a31c496498d9348759587233d2b792db1d492ef0855 [none]
[debug] [2025-01-24T07:11:43.511Z] >>> [apiv2][body] POST https://upload-firebasehosting.googleapis.com/upload/sites/beta-sa-bot/versions/9154349ccf6012f9/files/eb5619120084c5bd79267a31c496498d9348759587233d2b792db1d492ef0855 [stream]
[debug] [2025-01-24T07:11:43.511Z] [uploadQueue] Retrying task d5b847af1ce6d21c23ed51024248eb39cc982c20f8ed3646fea5387f04d19cf5
[debug] [2025-01-24T07:11:43.512Z] >>> [apiv2][query] POST https://upload-firebasehosting.googleapis.com/upload/sites/beta-sa-bot/versions/9154349ccf6012f9/files/d5b847af1ce6d21c23ed51024248eb39cc982c20f8ed3646fea5387f04d19cf5 [none]
[debug] [2025-01-24T07:11:43.512Z] >>> [apiv2][body] POST https://upload-firebasehosting.googleapis.com/upload/sites/beta-sa-bot/versions/9154349ccf6012f9/files/d5b847af1ce6d21c23ed51024248eb39cc982c20f8ed3646fea5387f04d19cf5 [stream]
[debug] [2025-01-24T07:11:43.512Z] [uploadQueue] Retrying task f380b852368c03893ac36df9df48984fbe995b49145babc6e2dd596c2a3d17a3
[debug] [2025-01-24T07:11:43.512Z] >>> [apiv2][query] POST https://upload-firebasehosting.googleapis.com/upload/sites/beta-sa-bot/versions/9154349ccf6012f9/files/f380b852368c03893ac36df9df48984fbe995b49145babc6e2dd596c2a3d17a3 [none]
[debug] [2025-01-24T07:11:43.512Z] >>> [apiv2][body] POST https://upload-firebasehosting.googleapis.com/upload/sites/beta-sa-bot/versions/9154349ccf6012f9/files/f380b852368c03893ac36df9df48984fbe995b49145babc6e2dd596c2a3d17a3 [stream]
[debug] [2025-01-24T07:11:43.513Z] [uploadQueue] Retrying task fb62be9c625e1cde59c7927d832d525bc20b4b8aec4cb7a64a9aecaef9327ab6
[debug] [2025-01-24T07:11:43.513Z] >>> [apiv2][query] POST https://upload-firebasehosting.googleapis.com/upload/sites/beta-sa-bot/versions/9154349ccf6012f9/files/fb62be9c625e1cde59c7927d832d525bc20b4b8aec4cb7a64a9aecaef9327ab6 [none]
[debug] [2025-01-24T07:11:43.513Z] >>> [apiv2][body] POST https://upload-firebasehosting.googleapis.com/upload/sites/beta-sa-bot/versions/9154349ccf6012f9/files/fb62be9c625e1cde59c7927d832d525bc20b4b8aec4cb7a64a9aecaef9327ab6 [stream]
[debug] [2025-01-24T07:11:43.515Z] [uploadQueue] Retrying task 1225ea01ed59ea953e230f16f8ce474162edac9a6c9d6a297832a89cdba15cb0
[debug] [2025-01-24T07:11:43.515Z] >>> [apiv2][query] POST https://upload-firebasehosting.googleapis.com/upload/sites/beta-sa-bot/versions/9154349ccf6012f9/files/1225ea01ed59ea953e230f16f8ce474162edac9a6c9d6a297832a89cdba15cb0 [none]
[debug] [2025-01-24T07:11:43.515Z] >>> [apiv2][body] POST https://upload-firebasehosting.googleapis.com/upload/sites/beta-sa-bot/versions/9154349ccf6012f9/files/1225ea01ed59ea953e230f16f8ce474162edac9a6c9d6a297832a89cdba15cb0 [stream]
[debug] [2025-01-24T07:11:45.935Z] [uploadQueue] Retrying task dd84b569538a3fc2d4ffb5699711ffb6785e74b035c8c7027b8826afc7272080
[debug] [2025-01-24T07:11:45.935Z] >>> [apiv2][query] POST https://upload-firebasehosting.googleapis.com/upload/sites/beta-sa-bot/versions/9154349ccf6012f9/files/dd84b569538a3fc2d4ffb5699711ffb6785e74b035c8c7027b8826afc7272080 [none]
[debug] [2025-01-24T07:11:45.935Z] >>> [apiv2][body] POST https://upload-firebasehosting.googleapis.com/upload/sites/beta-sa-bot/versions/9154349ccf6012f9/files/dd84b569538a3fc2d4ffb5699711ffb6785e74b035c8c7027b8826afc7272080 [stream]
